xrun(64): 25.03-s008: (c) Copyright 1995-2025 Cadence Design Systems, Inc.
TOOL:	xrun(64)	25.03-s008: Started on Jan 19, 2026 at 20:13:18 UTC
xrun
	-f list.f
		../../rtl/baud_rate_generator.sv
		../../rtl/receiver.sv
		../../rtl/transmitter.sv
		../../rtl/uart_top.sv
		../uart_top_tb.sv
	-l ./logs/comp.log
	+define+alfacen_noaxi_base_test+
	-access +rwc
	-timescale 1ns/1ps
	-sv
Loading snapshot worklib.uart_top_tb:sv .................... Done
SVSEED default: 1
xcelium> source /mnt/edatools/cadence/XCELIUM2503/tools/xcelium/files/xmsimrc
xcelium> run
  $rose(tx_start) |-> ##[100000:115000] ($rose(tx_done) && (data_out == data_in_temp))
                                     |
xmsim: *W,REPCNT (../uart_top_tb.sv,65|37): Repeat count in sequential expression is too big.
Simulation complete via $finish(1) at time 20 MS + 0
../uart_top_tb.sv:33     $finish;
xcelium> exit
TOOL:	xrun(64)	25.03-s008: Exiting on Jan 19, 2026 at 20:13:43 UTC  (total: 00:00:25)
