#
# An unexpected error has occurred (6) Aborted
#
Stack:
/lib/x86_64-linux-gnu/libc.so.6(+0x45330) [0x7314e9e45330]
/lib/x86_64-linux-gnu/libc.so.6(pthread_kill+0x11c) [0x7314e9e9eb2c]
/lib/x86_64-linux-gnu/libc.so.6(gsignal+0x1e) [0x7314e9e4527e]
/lib/x86_64-linux-gnu/libc.so.6(abort+0xdf) [0x7314e9e288ff]
/home/2025.2/Vivado/lib/lnx64.o/Ubuntu/24/libstdc++.so.6(+0xa5ff5) [0x7314ea6a5ff5]
/home/2025.2/Vivado/lib/lnx64.o/Ubuntu/24/libstdc++.so.6(+0xbb0da) [0x7314ea6bb0da]
/home/2025.2/Vivado/lib/lnx64.o/Ubuntu/24/libstdc++.so.6(_ZSt10unexpectedv+0) [0x7314ea6a5a55]
/home/2025.2/Vivado/lib/lnx64.o/libxv_common.so(hdi::tcltasks::detail::collection_wrapper_base::~collection_wrapper_base()+0x27f) [0x7314f5dff6f5]
/home/2025.2/Vivado/lib/lnx64.o/libxv_commontasks.so(+0x29a073) [0x7314f729a073]
/home/2025.2/Vivado/lib/lnx64.o/libxv_common.so(hdi::tcltasks::detail::collection_wrapper_base::decr_ref() const+0x27) [0x7314f5dfc7db]
/home/2025.2/Vivado/lib/lnx64.o/libxv_commontasks.so(+0x299d98) [0x7314f7299d98]
/home/2025.2/Vivado/lib/lnx64.o/libxv_tcltasks.so(+0x1104212) [0x7313d9704212]
/home/2025.2/Vivado/lib/lnx64.o/libxv_tcltasks.so(+0x1104261) [0x7313d9704261]
/home/2025.2/Vivado/lib/lnx64.o/libboost_program_options.so.1.72.0(boost::program_options::option_description::~option_description()+0xd1) [0x7314f57ccbe1]
/home/2025.2/Vivado/lib/lnx64.o/libboost_program_options.so.1.72.0(boost::program_options::option_description::~option_description()+0x11) [0x7314f57ccc31]
/home/2025.2/Vivado/lib/lnx64.o/libxv_common.so(boost::detail::sp_counted_impl_p<boost::program_options::option_description>::dispose()+0x13) [0x7314f60f3d3b]
/home/2025.2/Vivado/lib/lnx64.o/libxv_common.so(+0x42fc24) [0x7314f5c2fc24]
/home/2025.2/Vivado/lib/lnx64.o/libxv_common.so(hdi::tcltasks::options_description::~options_description()+0xe1) [0x7314f61a9bb3]
/lib/x86_64-linux-gnu/libc.so.6(+0x47a76) [0x7314e9e47a76]
/lib/x86_64-linux-gnu/libc.so.6(+0x47bbe) [0x7314e9e47bbe]
/lib/x86_64-linux-gnu/libX11.so.6(+0x3db62) [0x7314f0d00b62]
/lib/x86_64-linux-gnu/libX11.so.6(_XIOError+0x75) [0x7314f0d03915]
/lib/x86_64-linux-gnu/libX11.so.6(_XReply+0x3f2) [0x7314f0d09932]
/lib/x86_64-linux-gnu/libX11.so.6(XSync+0x55) [0x7314f0d09aa5]
[0x73148e7439c0]
