#
# An unexpected error has occurred (6) Aborted
#
Stack:
/lib/x86_64-linux-gnu/libc.so.6(+0x45330) [0x75c117045330]
/lib/x86_64-linux-gnu/libc.so.6(pthread_kill+0x11c) [0x75c11709eb2c]
/lib/x86_64-linux-gnu/libc.so.6(gsignal+0x1e) [0x75c11704527e]
/lib/x86_64-linux-gnu/libc.so.6(abort+0xdf) [0x75c1170288ff]
/home/2025.2/Vivado/lib/lnx64.o/Ubuntu/24/libstdc++.so.6(+0xa5ff5) [0x75c1178a5ff5]
/home/2025.2/Vivado/lib/lnx64.o/Ubuntu/24/libstdc++.so.6(+0xbb0da) [0x75c1178bb0da]
/home/2025.2/Vivado/lib/lnx64.o/Ubuntu/24/libstdc++.so.6(_ZSt10unexpectedv+0) [0x75c1178a5a55]
/home/2025.2/Vivado/lib/lnx64.o/libxv_common.so(hdi::tcltasks::detail::collection_wrapper_base::~collection_wrapper_base()+0x27f) [0x75c122fff6f5]
/home/2025.2/Vivado/lib/lnx64.o/libxv_commontasks.so(+0x29a073) [0x75c12449a073]
/home/2025.2/Vivado/lib/lnx64.o/libxv_common.so(hdi::tcltasks::detail::collection_wrapper_base::decr_ref() const+0x27) [0x75c122ffc7db]
/home/2025.2/Vivado/lib/lnx64.o/libxv_commontasks.so(+0x299d98) [0x75c124499d98]
/home/2025.2/Vivado/lib/lnx64.o/libxv_tcltasks.so(+0x1104212) [0x75c001704212]
/home/2025.2/Vivado/lib/lnx64.o/libxv_tcltasks.so(+0x1104261) [0x75c001704261]
/home/2025.2/Vivado/lib/lnx64.o/libboost_program_options.so.1.72.0(boost::program_options::option_description::~option_description()+0xd1) [0x75c12418fbe1]
/home/2025.2/Vivado/lib/lnx64.o/libboost_program_options.so.1.72.0(boost::program_options::option_description::~option_description()+0x11) [0x75c12418fc31]
/home/2025.2/Vivado/lib/lnx64.o/libxv_common.so(boost::detail::sp_counted_impl_p<boost::program_options::option_description>::dispose()+0x13) [0x75c1232f3d3b]
/home/2025.2/Vivado/lib/lnx64.o/libxv_common.so(+0x42fc24) [0x75c122e2fc24]
/home/2025.2/Vivado/lib/lnx64.o/libxv_common.so(hdi::tcltasks::options_description::~options_description()+0xe1) [0x75c1233a9bb3]
/lib/x86_64-linux-gnu/libc.so.6(+0x47a76) [0x75c117047a76]
/lib/x86_64-linux-gnu/libc.so.6(+0x47bbe) [0x75c117047bbe]
/lib/x86_64-linux-gnu/libX11.so.6(+0x3db62) [0x75c11df00b62]
/lib/x86_64-linux-gnu/libX11.so.6(_XIOError+0x75) [0x75c11df03915]
/lib/x86_64-linux-gnu/libX11.so.6(_XReply+0x3f2) [0x75c11df09932]
/lib/x86_64-linux-gnu/libX11.so.6(XSync+0x55) [0x75c11df09aa5]
[0x75c0bbd439c0]
